[debug] [2019-05-08T06:43:06.077Z] ----------------------------------------------------------------------
[debug] [2019-05-08T06:43:06.079Z] Command:       C:\Program Files\nodejs\node.exe C:\Users\colin\AppData\Roaming\npm\node_modules\firebase-tools\lib\bin\firebase.js serve --only hosting
[debug] [2019-05-08T06:43:06.079Z] CLI Version:   6.9.0
[debug] [2019-05-08T06:43:06.079Z] Platform:      win32
[debug] [2019-05-08T06:43:06.079Z] Node Version:  v8.14.0
[debug] [2019-05-08T06:43:06.079Z] Time:          Wed May 08 2019 00:43:06 GMT-0600 (Mountain Daylight Time)
[debug] [2019-05-08T06:43:06.079Z] ----------------------------------------------------------------------
[debug] 
[debug] [2019-05-08T06:43:06.088Z] > command requires scopes: ["email","openid","https://www.googleapis.com/auth/cloudplatformprojects.readonly","https://www.googleapis.com/auth/firebase","https://www.googleapis.com/auth/cloud-platform"]
[debug] [2019-05-08T06:43:06.088Z] > authorizing via signed-in user
[debug] [2019-05-08T06:43:06.088Z] [iam] checking project richardslaw for permissions ["firebase.projects.get"]
[debug] [2019-05-08T06:43:06.089Z] >>> HTTP REQUEST POST https://cloudresourcemanager.googleapis.com/v1/projects/richardslaw:testIamPermissions  

[debug] [2019-05-08T06:43:06.489Z] <<< HTTP RESPONSE 200
[debug] [2019-05-08T06:43:06.492Z] >>> HTTP REQUEST GET https://cloudresourcemanager.googleapis.com/v1/projects/richardslaw  
 
[debug] [2019-05-08T06:43:06.770Z] <<< HTTP RESPONSE 200
[info] 
[info] === Serving from 'C:\Users\colin\dev\richardslaw\richards'...
[info] 
[debug] [2019-05-08T06:43:06.773Z] >>> HTTP REQUEST GET https://mobilesdk-pa.googleapis.com/v1/projects/1054342193165/clients/_:getWebAppConfig  
 
[debug] [2019-05-08T06:43:07.106Z] <<< HTTP RESPONSE 200
[info] i  hosting: Serving hosting files from: build
[info] +  hosting: Local server: http://localhost:5000
